<?xml version="1.0" encoding="UTF-8"?>
<!-- Generated by org.testng.reporters.JUnitReportReporter -->
<testsuite hostname="DESKTOP-P9I11B1" failures="0" tests="3" name="tests.WebViewTests" time="180.390" errors="0" timestamp="17 Oct 2021 07:54:38 GMT" skipped="0">
  <testcase classname="tests.WebViewTests" name="BookDemo_Test" time="61.228"/>
  <testcase classname="tests.WebViewTests" name="FeaturedCategory_Test" time="76.512"/>
  <testcase classname="tests.WebViewTests" name="Intercom_Test" time="42.650"/>
</testsuite> <!-- tests.WebViewTests -->
